<?xml version="1.0" encoding="UTF-8"?>
<!-- Generated by org.testng.reporters.JUnitReportReporter -->
<testsuite skipped="0" hostname="DESKTOP-3DADRPD" name="MavenJava.HospitalTest" tests="2" failures="0" timestamp="2021-09-16T12:48:25 IST" time="0.009" errors="0">
  <testcase name="hospLogout" time="0.001" classname="MavenJava.HospitalTest"/>
  <system-out/>
  <testcase name="hospLogin" time="0.008" classname="MavenJava.HospitalTest"/>
  <system-out/>
</testsuite> <!-- MavenJava.HospitalTest -->
