<?xml version="1.0" encoding="UTF-8"?>
<!-- Generated by org.testng.reporters.JUnitReportReporter -->
<testsuite skipped="0" hostname="DESKTOP-3DADRPD" name="MavenJava.BankTest" tests="2" failures="0" timestamp="2021-09-16T12:48:25 IST" time="0.000" errors="0">
  <testcase name="bankLogout" time="0.000" classname="MavenJava.BankTest"/>
  <system-out/>
  <testcase name="bankLogin" time="0.000" classname="MavenJava.BankTest"/>
  <system-out/>
</testsuite> <!-- MavenJava.BankTest -->
