<?xml version="1.0" encoding="UTF-8"?>
<!-- Generated by org.testng.reporters.JUnitReportReporter -->
<testsuite skipped="0" hostname="DESKTOP-3DADRPD" name="MavenJava.PoliceStationTest" tests="2" failures="0" timestamp="2021-09-16T12:48:05 IST" time="0.004" errors="0">
  <testcase name="psLogout" time="0.003" classname="MavenJava.PoliceStationTest"/>
  <system-out/>
  <testcase name="psLogin" time="0.001" classname="MavenJava.PoliceStationTest"/>
  <system-out/>
</testsuite> <!-- MavenJava.PoliceStationTest -->
